[2018-05-29T11:42:51.092] [ERROR] cheese - Cheese is too ripe!
[2018-05-29T11:42:51.095] [FATAL] cheese - Cheese was breeding ground for listeria.
[2018-05-29T11:43:46.298] [ERROR] cheese - Cheese is too ripe!
[2018-05-29T11:43:46.301] [FATAL] cheese - Cheese was breeding ground for listeria.
[2018-05-29T11:46:13.029] [TRACE] cheese - Entering cheese testing
[2018-05-29T11:46:13.032] [DEBUG] cheese - Got cheese.
[2018-05-29T11:46:13.033] [INFO] cheese - Cheese is Gouda.
[2018-05-29T11:46:13.033] [WARN] cheese - Cheese is quite smelly.
[2018-05-29T11:46:13.033] [ERROR] cheese - Cheese is too ripe!
[2018-05-29T11:46:13.033] [FATAL] cheese - Cheese was breeding ground for listeria.
[2018-05-29T11:46:21.480] [INFO] cheese - 今天的第1次请求
[2018-05-29T11:46:21.482] [INFO] cheese - 今天成功返回的第1个请求
[2018-05-29T11:46:21.494] [INFO] cheese - 今天的第2次请求
[2018-05-29T11:46:21.495] [INFO] cheese - 今天的第3次请求
[2018-05-29T11:46:21.496] [INFO] cheese - 今天的第4次请求
[2018-05-29T11:46:21.497] [INFO] cheese - 今天成功返回的第2个请求
[2018-05-29T11:46:21.498] [INFO] cheese - 今天成功返回的第3个请求
[2018-05-29T11:46:21.500] [INFO] cheese - 今天成功返回的第4个请求
[2018-05-29T11:46:21.524] [INFO] cheese - 今天的第5次请求
[2018-05-29T11:46:21.525] [INFO] cheese - 今天成功返回的第5个请求
[2018-05-29T11:46:21.575] [INFO] cheese - 今天的第6次请求
[2018-05-29T11:46:21.576] [INFO] cheese - 今天的第7次请求
[2018-05-29T11:46:21.576] [INFO] cheese - 今天成功返回的第6个请求
[2018-05-29T11:46:21.579] [INFO] cheese - 今天成功返回的第7个请求
[2018-05-29T11:46:21.589] [INFO] cheese - 今天的第8次请求
[2018-05-29T11:46:21.590] [INFO] cheese - 今天成功返回的第1个请求
[2018-05-29T14:11:37.190] [INFO] cheese - 今天的第9次请求
[2018-05-29T14:11:37.190] [INFO] cheese - 今天成功返回的第8个请求
[2018-05-29T14:11:37.203] [INFO] cheese - 今天的第10次请求
[2018-05-29T14:11:37.203] [INFO] cheese - 今天的第11次请求
[2018-05-29T14:11:37.204] [INFO] cheese - 今天的第12次请求
[2018-05-29T14:11:37.206] [INFO] cheese - 今天成功返回的第9个请求
[2018-05-29T14:11:37.207] [INFO] cheese - 今天成功返回的第10个请求
[2018-05-29T14:11:37.209] [INFO] cheese - 今天成功返回的第11个请求
[2018-05-29T14:11:37.236] [INFO] cheese - 今天的第13次请求
[2018-05-29T14:11:37.236] [INFO] cheese - 今天成功返回的第12个请求
[2018-05-29T14:11:37.287] [INFO] cheese - 今天的第14次请求
[2018-05-29T14:11:37.287] [INFO] cheese - 今天的第15次请求
[2018-05-29T14:11:37.288] [INFO] cheese - 今天成功返回的第13个请求
[2018-05-29T14:11:37.291] [INFO] cheese - 今天成功返回的第14个请求
[2018-05-29T14:11:37.301] [INFO] cheese - 今天的第16次请求
[2018-05-29T14:11:37.301] [INFO] cheese - 今天成功返回的第2个请求
